
Cantidad manualmente aplicada: 12312, nueva cantidad: 111. Motivo: nuevos productos comprados
Cantidad manualmente aplicada: 12312, cantidad cambiada de 104 a 104. Motivo: asd
Cantidad manualmente aplicada: 12312, cantidad cambiada de 99 a 99. Motivo: ds
Cantidad modificada: 12312, cambio: -1, cantidad final: 98
Cantidad modificada: 12312, cambio: -1, cantidad final: 97
Cantidad modificada: 12312, cambio: -1, cantidad final: 96
Cantidad manualmente aplicada: 12312, cambio: 0, cantidad final: 96. Motivo: asd
Cantidad manualmente aplicada: 12312, cambio: -14, cantidad final: 82. Motivo: asdwqrwr
Cambio manualmente aplicado: 12312, cambio: +118, cantidad final: 200. Motivo: asdweffcv
Fecha: 2024-10-26, Producto: 12312, Tipo de movimiento: Disminución, Cantidad cambiada: -8, Cantidad final: 192. Motivo: asdqwe
Producto agregado: ID 0, Nombre: leche
Producto agregado: ID 0, Nombre: sdf
Producto agregado: ID 1, Nombre: qwe
Producto agregado: ID 2, Nombre: gsdf
Producto agregado: ID 3, Nombre: 234
Producto eliminado: ID 1, Nombre: qwe
Producto eliminado: ID 2, Nombre: gsdf
Producto eliminado: ID 3, Nombre: 234
Producto agregado: ID 1, Nombre: Leche
Producto agregado: ID 2, Nombre: carne
Producto agregado: ID 3, Nombre: camiseta
Producto agregado: ID 4, Nombre: tablet
Producto agregado: ID 5, Nombre: 123
Producto agregado: ID 6, Nombre: 2435
Producto agregado: ID 7, Nombre: 123
Producto agregado: ID 8, Nombre: 123
Producto agregado: ID 9, Nombre: 123
Producto agregado: ID 10, Nombre: 123
Producto agregado: ID 11, Nombre: 345
Producto agregado: ID 11, Nombre: 123
Producto agregado: ID 12, Nombre: 123
Producto agregado: ID 13, Nombre: leche
Producto editado: ID 12, Nombre: Bicicleta de Montaña
Modificación de cantidad para producto: ID 9, Nombre: Cereal Integral
